<?xml version="1.0" encoding="UTF-8"?>
<testsuite xmlns:xsi="http://www.w3.org/2001/XMLSchema-instance" xsi:noNamespaceSchemaLocation="https://maven.apache.org/surefire/maven-surefire-plugin/xsd/surefire-test-report.xsd" name="icom.ibm.garage.cpat.cp4i.WebSocket.WebSocketTest" time="3.513" tests="1" errors="1" skipped="0" failures="0">
  <properties>
[...]
</properties>
  <testcase name="testHelloEndpoint" classname="icom.ibm.garage.cpat.cp4i.WebSocket.WebSocketTest" time="0.002">
    <error message="java.lang.RuntimeException: Failed to start quarkus" type="java.lang.RuntimeException">java.lang.RuntimeException: java.lang.RuntimeException: Failed to start quarkus
Caused by: java.lang.RuntimeException: Failed to start quarkus
Caused by: javax.enterprise.inject.spi.DeploymentException: java.util.NoSuchElementException: Cannot find attribute `bootstrap.servers` for channel `pre-final-check`. Has been tried: mp.messaging.incoming.pre-final-check.bootstrap.servers and mp.messaging.connector.smallrye-kafka.bootstrap.servers
Caused by: java.util.NoSuchElementException: Cannot find attribute `bootstrap.servers` for channel `pre-final-check`. Has been tried: mp.messaging.incoming.pre-final-check.bootstrap.servers and mp.messaging.connector.smallrye-kafka.bootstrap.servers
</error>
    <system-out><![CDATA[2020-06-26 14:32:40,340 WARN  [io.qua.dep.ste.ReflectiveHierarchyStep] (build-5) Unable to properly register the hierarchy of the following classes for reflection as they are not in the Jandex index:
	- javax.security.auth.Subject
	- javax.security.auth.login.AppConfigurationEntry
	- javax.security.auth.spi.LoginModule
	- org.slf4j.Logger
	- org.slf4j.spi.LocationAwareLogger
Consider adding them to the index either by creating a Jandex index for your dependency via the Maven plugin, an empty META-INF/beans.xml or quarkus.index-dependency properties.");.
2020-06-26 14:32:40,869 INFO  [io.und.web.jsr] (main) UT026003: Adding annotated server endpoint class com.ibm.garage.cpat.cp4i.WebSocket.WebSocket for path /validatedmessages
2020-06-26 14:32:41,058 INFO  [io.sma.rea.mes.ext.MediatorManager] (main) Deployment done... start processing
2020-06-26 14:32:41,061 INFO  [io.sma.rea.mes.imp.ConfiguredChannelFactory] (main) Found incoming connectors: [smallrye-kafka]
2020-06-26 14:32:41,061 INFO  [io.sma.rea.mes.imp.ConfiguredChannelFactory] (main) Found outgoing connectors: [smallrye-kafka]
2020-06-26 14:32:41,061 INFO  [io.sma.rea.mes.imp.ConfiguredChannelFactory] (main) Channel manager initializing...
Merging config with {}
2020-06-26 14:32:41,070 ERROR [io.sma.rea.mes.imp.ConfiguredChannelFactory] (main) Unable to create the publisher or subscriber during initialization: java.util.NoSuchElementException: Cannot find attribute `bootstrap.servers` for channel `pre-final-check`. Has been tried: mp.messaging.incoming.pre-final-check.bootstrap.servers and mp.messaging.connector.smallrye-kafka.bootstrap.servers
	at io.smallrye.reactive.messaging.impl.ConnectorConfig.getValue(ConnectorConfig.java:72)
	at io.smallrye.reactive.messaging.kafka.KafkaConnector$1.getValue(KafkaConnector.java:114)
	at io.smallrye.reactive.messaging.kafka.impl.JsonHelper.asJsonObject(JsonHelper.java:14)
	at io.smallrye.reactive.messaging.kafka.impl.KafkaSource.<init>(KafkaSource.java:36)
	at io.smallrye.reactive.messaging.kafka.KafkaConnector.getPublisherBuilder(KafkaConnector.java:89)
	at io.smallrye.reactive.messaging.kafka.KafkaConnector_ClientProxy.getPublisherBuilder(KafkaConnector_ClientProxy.zig:324)
	at io.smallrye.reactive.messaging.impl.ConfiguredChannelFactory.createPublisherBuilder(ConfiguredChannelFactory.java:171)
	at io.smallrye.reactive.messaging.impl.ConfiguredChannelFactory.lambda$register$5(ConfiguredChannelFactory.java:149)
	at java.base/java.util.HashMap.forEach(HashMap.java:1338)
	at io.smallrye.reactive.messaging.impl.ConfiguredChannelFactory.register(ConfiguredChannelFactory.java:149)
	at io.smallrye.reactive.messaging.impl.ConfiguredChannelFactory.initialize(ConfiguredChannelFactory.java:123)
	at io.smallrye.reactive.messaging.impl.ConfiguredChannelFactory_ClientProxy.initialize(ConfiguredChannelFactory_ClientProxy.zig:265)
	at java.base/java.util.Iterator.forEachRemaining(Iterator.java:133)
	at java.base/java.util.Spliterators$IteratorSpliterator.forEachRemaining(Spliterators.java:1801)
	at java.base/java.util.stream.ReferencePipeline$Head.forEach(ReferencePipeline.java:658)
	at io.smallrye.reactive.messaging.extension.MediatorManager.initializeAndRun(MediatorManager.java:160)
	at io.smallrye.reactive.messaging.extension.MediatorManager_ClientProxy.initializeAndRun(MediatorManager_ClientProxy.zig:260)
	at io.quarkus.smallrye.reactivemessaging.runtime.SmallRyeReactiveMessagingLifecycle.onApplicationStart(SmallRyeReactiveMessagingLifecycle.java:20)
	at io.quarkus.smallrye.reactivemessaging.runtime.SmallRyeReactiveMessagingLifecycle_Observer_onApplicationStart_4e8937813d9e8faff65c3c07f88fa96615b70e70.notify(SmallRyeReactiveMessagingLifecycle_Observer_onApplicationStart_4e8937813d9e8faff65c3c07f88fa96615b70e70.zig:111)
	at io.quarkus.arc.impl.EventImpl$Notifier.notifyObservers(EventImpl.java:282)
	at io.quarkus.arc.impl.EventImpl$Notifier.notify(EventImpl.java:267)
	at io.quarkus.arc.impl.EventImpl.fire(EventImpl.java:69)
	at io.quarkus.arc.runtime.LifecycleEventRunner.fireStartupEvent(LifecycleEventRunner.java:23)
	at io.quarkus.arc.runtime.ArcRecorder.handleLifecycleEvents(ArcRecorder.java:113)
	at io.quarkus.deployment.steps.LifecycleEventsBuildStep$startupEvent-858218658.deploy_0(LifecycleEventsBuildStep$startupEvent-858218658.zig:77)
	at io.quarkus.deployment.steps.LifecycleEventsBuildStep$startupEvent-858218658.deploy(LifecycleEventsBuildStep$startupEvent-858218658.zig:36)
	at io.quarkus.runner.ApplicationImpl.doStart(ApplicationImpl.zig:386)
	at io.quarkus.runtime.Application.start(Application.java:90)
	at java.base/jdk.internal.reflect.NativeMethodAccessorImpl.invoke0(Native Method)
	at java.base/jdk.internal.reflect.NativeMethodAccessorImpl.invoke(NativeMethodAccessorImpl.java:62)
	at java.base/jdk.internal.reflect.DelegatingMethodAccessorImpl.invoke(DelegatingMethodAccessorImpl.java:43)
	at java.base/java.lang.reflect.Method.invoke(Method.java:567)
	at io.quarkus.runner.bootstrap.StartupActionImpl.run(StartupActionImpl.java:222)
	at io.quarkus.test.junit.QuarkusTestExtension.doJavaStart(QuarkusTestExtension.java:156)
	at io.quarkus.test.junit.QuarkusTestExtension.ensureStarted(QuarkusTestExtension.java:297)
	at io.quarkus.test.junit.QuarkusTestExtension.beforeAll(QuarkusTestExtension.java:330)
	at org.junit.jupiter.engine.descriptor.ClassBasedTestDescriptor.lambda$invokeBeforeAllCallbacks$7(ClassBasedTestDescriptor.java:359)
	at org.junit.platform.engine.support.hierarchical.ThrowableCollector.execute(ThrowableCollector.java:73)
	at org.junit.jupiter.engine.descriptor.ClassBasedTestDescriptor.invokeBeforeAllCallbacks(ClassBasedTestDescriptor.java:359)
	at org.junit.jupiter.engine.descriptor.ClassBasedTestDescriptor.before(ClassBasedTestDescriptor.java:189)
	at org.junit.jupiter.engine.descriptor.ClassBasedTestDescriptor.before(ClassBasedTestDescriptor.java:78)
	at org.junit.platform.engine.support.hierarchical.NodeTestTask.lambda$executeRecursively$5(NodeTestTask.java:132)
	at org.junit.platform.engine.support.hierarchical.ThrowableCollector.execute(ThrowableCollector.java:73)
	at org.junit.platform.engine.support.hierarchical.NodeTestTask.lambda$executeRecursively$7(NodeTestTask.java:125)
	at org.junit.platform.engine.support.hierarchical.Node.around(Node.java:135)
	at org.junit.platform.engine.support.hierarchical.NodeTestTask.lambda$executeRecursively$8(NodeTestTask.java:123)
	at org.junit.platform.engine.support.hierarchical.ThrowableCollector.execute(ThrowableCollector.java:73)
	at org.junit.platform.engine.support.hierarchical.NodeTestTask.executeRecursively(NodeTestTask.java:122)
	at org.junit.platform.engine.support.hierarchical.NodeTestTask.execute(NodeTestTask.java:80)
	at java.base/java.util.ArrayList.forEach(ArrayList.java:1507)
	at org.junit.platform.engine.support.hierarchical.SameThreadHierarchicalTestExecutorService.invokeAll(SameThreadHierarchicalTestExecutorService.java:38)
	at org.junit.platform.engine.support.hierarchical.NodeTestTask.lambda$executeRecursively$5(NodeTestTask.java:139)
	at org.junit.platform.engine.support.hierarchical.ThrowableCollector.execute(ThrowableCollector.java:73)
	at org.junit.platform.engine.support.hierarchical.NodeTestTask.lambda$executeRecursively$7(NodeTestTask.java:125)
	at org.junit.platform.engine.support.hierarchical.Node.around(Node.java:135)
	at org.junit.platform.engine.support.hierarchical.NodeTestTask.lambda$executeRecursively$8(NodeTestTask.java:123)
	at org.junit.platform.engine.support.hierarchical.ThrowableCollector.execute(ThrowableCollector.java:73)
	at org.junit.platform.engine.support.hierarchical.NodeTestTask.executeRecursively(NodeTestTask.java:122)
	at org.junit.platform.engine.support.hierarchical.NodeTestTask.execute(NodeTestTask.java:80)
	at org.junit.platform.engine.support.hierarchical.SameThreadHierarchicalTestExecutorService.submit(SameThreadHierarchicalTestExecutorService.java:32)
	at org.junit.platform.engine.support.hierarchical.HierarchicalTestExecutor.execute(HierarchicalTestExecutor.java:57)
	at org.junit.platform.engine.support.hierarchical.HierarchicalTestEngine.execute(HierarchicalTestEngine.java:51)
	at org.junit.platform.launcher.core.DefaultLauncher.execute(DefaultLauncher.java:220)
	at org.junit.platform.launcher.core.DefaultLauncher.lambda$execute$6(DefaultLauncher.java:188)
	at org.junit.platform.launcher.core.DefaultLauncher.withInterceptedStreams(DefaultLauncher.java:202)
	at org.junit.platform.launcher.core.DefaultLauncher.execute(DefaultLauncher.java:181)
	at org.junit.platform.launcher.core.DefaultLauncher.execute(DefaultLauncher.java:128)
	at org.apache.maven.surefire.junitplatform.JUnitPlatformProvider.invokeAllTests(JUnitPlatformProvider.java:142)
	at org.apache.maven.surefire.junitplatform.JUnitPlatformProvider.invoke(JUnitPlatformProvider.java:117)
	at org.apache.maven.surefire.booter.ForkedBooter.invokeProviderInSameClassLoader(ForkedBooter.java:384)
	at org.apache.maven.surefire.booter.ForkedBooter.runSuitesInProcess(ForkedBooter.java:345)
	at org.apache.maven.surefire.booter.ForkedBooter.execute(ForkedBooter.java:126)
	at org.apache.maven.surefire.booter.ForkedBooter.main(ForkedBooter.java:418)

2020-06-26 14:32:41,073 ERROR [io.qua.application] (main) Failed to start application: javax.enterprise.inject.spi.DeploymentException: java.util.NoSuchElementException: Cannot find attribute `bootstrap.servers` for channel `pre-final-check`. Has been tried: mp.messaging.incoming.pre-final-check.bootstrap.servers and mp.messaging.connector.smallrye-kafka.bootstrap.servers
	at io.quarkus.smallrye.reactivemessaging.runtime.SmallRyeReactiveMessagingLifecycle.onApplicationStart(SmallRyeReactiveMessagingLifecycle.java:22)
	at io.quarkus.smallrye.reactivemessaging.runtime.SmallRyeReactiveMessagingLifecycle_Observer_onApplicationStart_4e8937813d9e8faff65c3c07f88fa96615b70e70.notify(SmallRyeReactiveMessagingLifecycle_Observer_onApplicationStart_4e8937813d9e8faff65c3c07f88fa96615b70e70.zig:111)
	at io.quarkus.arc.impl.EventImpl$Notifier.notifyObservers(EventImpl.java:282)
	at io.quarkus.arc.impl.EventImpl$Notifier.notify(EventImpl.java:267)
	at io.quarkus.arc.impl.EventImpl.fire(EventImpl.java:69)
	at io.quarkus.arc.runtime.LifecycleEventRunner.fireStartupEvent(LifecycleEventRunner.java:23)
	at io.quarkus.arc.runtime.ArcRecorder.handleLifecycleEvents(ArcRecorder.java:113)
	at io.quarkus.deployment.steps.LifecycleEventsBuildStep$startupEvent-858218658.deploy_0(LifecycleEventsBuildStep$startupEvent-858218658.zig:77)
	at io.quarkus.deployment.steps.LifecycleEventsBuildStep$startupEvent-858218658.deploy(LifecycleEventsBuildStep$startupEvent-858218658.zig:36)
	at io.quarkus.runner.ApplicationImpl.doStart(ApplicationImpl.zig:386)
	at io.quarkus.runtime.Application.start(Application.java:90)
	at java.base/jdk.internal.reflect.NativeMethodAccessorImpl.invoke0(Native Method)
	at java.base/jdk.internal.reflect.NativeMethodAccessorImpl.invoke(NativeMethodAccessorImpl.java:62)
	at java.base/jdk.internal.reflect.DelegatingMethodAccessorImpl.invoke(DelegatingMethodAccessorImpl.java:43)
	at java.base/java.lang.reflect.Method.invoke(Method.java:567)
	at io.quarkus.runner.bootstrap.StartupActionImpl.run(StartupActionImpl.java:222)
	at io.quarkus.test.junit.QuarkusTestExtension.doJavaStart(QuarkusTestExtension.java:156)
	at io.quarkus.test.junit.QuarkusTestExtension.ensureStarted(QuarkusTestExtension.java:297)
	at io.quarkus.test.junit.QuarkusTestExtension.beforeAll(QuarkusTestExtension.java:330)
	at org.junit.jupiter.engine.descriptor.ClassBasedTestDescriptor.lambda$invokeBeforeAllCallbacks$7(ClassBasedTestDescriptor.java:359)
	at org.junit.platform.engine.support.hierarchical.ThrowableCollector.execute(ThrowableCollector.java:73)
	at org.junit.jupiter.engine.descriptor.ClassBasedTestDescriptor.invokeBeforeAllCallbacks(ClassBasedTestDescriptor.java:359)
	at org.junit.jupiter.engine.descriptor.ClassBasedTestDescriptor.before(ClassBasedTestDescriptor.java:189)
	at org.junit.jupiter.engine.descriptor.ClassBasedTestDescriptor.before(ClassBasedTestDescriptor.java:78)
	at org.junit.platform.engine.support.hierarchical.NodeTestTask.lambda$executeRecursively$5(NodeTestTask.java:132)
	at org.junit.platform.engine.support.hierarchical.ThrowableCollector.execute(ThrowableCollector.java:73)
	at org.junit.platform.engine.support.hierarchical.NodeTestTask.lambda$executeRecursively$7(NodeTestTask.java:125)
	at org.junit.platform.engine.support.hierarchical.Node.around(Node.java:135)
	at org.junit.platform.engine.support.hierarchical.NodeTestTask.lambda$executeRecursively$8(NodeTestTask.java:123)
	at org.junit.platform.engine.support.hierarchical.ThrowableCollector.execute(ThrowableCollector.java:73)
	at org.junit.platform.engine.support.hierarchical.NodeTestTask.executeRecursively(NodeTestTask.java:122)
	at org.junit.platform.engine.support.hierarchical.NodeTestTask.execute(NodeTestTask.java:80)
	at java.base/java.util.ArrayList.forEach(ArrayList.java:1507)
	at org.junit.platform.engine.support.hierarchical.SameThreadHierarchicalTestExecutorService.invokeAll(SameThreadHierarchicalTestExecutorService.java:38)
	at org.junit.platform.engine.support.hierarchical.NodeTestTask.lambda$executeRecursively$5(NodeTestTask.java:139)
	at org.junit.platform.engine.support.hierarchical.ThrowableCollector.execute(ThrowableCollector.java:73)
	at org.junit.platform.engine.support.hierarchical.NodeTestTask.lambda$executeRecursively$7(NodeTestTask.java:125)
	at org.junit.platform.engine.support.hierarchical.Node.around(Node.java:135)
	at org.junit.platform.engine.support.hierarchical.NodeTestTask.lambda$executeRecursively$8(NodeTestTask.java:123)
	at org.junit.platform.engine.support.hierarchical.ThrowableCollector.execute(ThrowableCollector.java:73)
	at org.junit.platform.engine.support.hierarchical.NodeTestTask.executeRecursively(NodeTestTask.java:122)
	at org.junit.platform.engine.support.hierarchical.NodeTestTask.execute(NodeTestTask.java:80)
	at org.junit.platform.engine.support.hierarchical.SameThreadHierarchicalTestExecutorService.submit(SameThreadHierarchicalTestExecutorService.java:32)
	at org.junit.platform.engine.support.hierarchical.HierarchicalTestExecutor.execute(HierarchicalTestExecutor.java:57)
	at org.junit.platform.engine.support.hierarchical.HierarchicalTestEngine.execute(HierarchicalTestEngine.java:51)
	at org.junit.platform.launcher.core.DefaultLauncher.execute(DefaultLauncher.java:220)
	at org.junit.platform.launcher.core.DefaultLauncher.lambda$execute$6(DefaultLauncher.java:188)
	at org.junit.platform.launcher.core.DefaultLauncher.withInterceptedStreams(DefaultLauncher.java:202)
	at org.junit.platform.launcher.core.DefaultLauncher.execute(DefaultLauncher.java:181)
	at org.junit.platform.launcher.core.DefaultLauncher.execute(DefaultLauncher.java:128)
	at org.apache.maven.surefire.junitplatform.JUnitPlatformProvider.invokeAllTests(JUnitPlatformProvider.java:142)
	at org.apache.maven.surefire.junitplatform.JUnitPlatformProvider.invoke(JUnitPlatformProvider.java:117)
	at org.apache.maven.surefire.booter.ForkedBooter.invokeProviderInSameClassLoader(ForkedBooter.java:384)
	at org.apache.maven.surefire.booter.ForkedBooter.runSuitesInProcess(ForkedBooter.java:345)
	at org.apache.maven.surefire.booter.ForkedBooter.execute(ForkedBooter.java:126)
	at org.apache.maven.surefire.booter.ForkedBooter.main(ForkedBooter.java:418)
Caused by: java.util.NoSuchElementException: Cannot find attribute `bootstrap.servers` for channel `pre-final-check`. Has been tried: mp.messaging.incoming.pre-final-check.bootstrap.servers and mp.messaging.connector.smallrye-kafka.bootstrap.servers
	at io.smallrye.reactive.messaging.impl.ConnectorConfig.getValue(ConnectorConfig.java:72)
	at io.smallrye.reactive.messaging.kafka.KafkaConnector$1.getValue(KafkaConnector.java:114)
	at io.smallrye.reactive.messaging.kafka.impl.JsonHelper.asJsonObject(JsonHelper.java:14)
	at io.smallrye.reactive.messaging.kafka.impl.KafkaSource.<init>(KafkaSource.java:36)
	at io.smallrye.reactive.messaging.kafka.KafkaConnector.getPublisherBuilder(KafkaConnector.java:89)
	at io.smallrye.reactive.messaging.kafka.KafkaConnector_ClientProxy.getPublisherBuilder(KafkaConnector_ClientProxy.zig:324)
	at io.smallrye.reactive.messaging.impl.ConfiguredChannelFactory.createPublisherBuilder(ConfiguredChannelFactory.java:171)
	at io.smallrye.reactive.messaging.impl.ConfiguredChannelFactory.lambda$register$5(ConfiguredChannelFactory.java:149)
	at java.base/java.util.HashMap.forEach(HashMap.java:1338)
	at io.smallrye.reactive.messaging.impl.ConfiguredChannelFactory.register(ConfiguredChannelFactory.java:149)
	at io.smallrye.reactive.messaging.impl.ConfiguredChannelFactory.initialize(ConfiguredChannelFactory.java:123)
	at io.smallrye.reactive.messaging.impl.ConfiguredChannelFactory_ClientProxy.initialize(ConfiguredChannelFactory_ClientProxy.zig:265)
	at java.base/java.util.Iterator.forEachRemaining(Iterator.java:133)
	at java.base/java.util.Spliterators$IteratorSpliterator.forEachRemaining(Spliterators.java:1801)
	at java.base/java.util.stream.ReferencePipeline$Head.forEach(ReferencePipeline.java:658)
	at io.smallrye.reactive.messaging.extension.MediatorManager.initializeAndRun(MediatorManager.java:160)
	at io.smallrye.reactive.messaging.extension.MediatorManager_ClientProxy.initializeAndRun(MediatorManager_ClientProxy.zig:260)
	at io.quarkus.smallrye.reactivemessaging.runtime.SmallRyeReactiveMessagingLifecycle.onApplicationStart(SmallRyeReactiveMessagingLifecycle.java:20)
	... 55 more

2020-06-26 14:32:41,076 INFO  [io.sma.rea.mes.ext.MediatorManager] (main) Cancel subscriptions
]]></system-out>
  </testcase>
</testsuite>